d:\github\imageprocessingapp\debug\vc143.pdb
d:\github\imageprocessingapp\debug\moc_imageoperation.obj
d:\github\imageprocessingapp\debug\moc_mainwindow.obj
d:\github\imageprocessingapp\debug\moc_imagetab.obj
d:\github\imageprocessingapp\debug\moc_imageview.obj
d:\github\imageprocessingapp\debug\moc_imagelistitemcontainerwidget.obj
d:\github\imageprocessingapp\debug\moc_imagelistwidget.obj
d:\github\imageprocessingapp\debug\moc_newimagedialog.obj
d:\github\imageprocessingapp\debug\moc_floatslider.obj
d:\github\imageprocessingapp\debug\imagemanager.obj
d:\github\imageprocessingapp\debug\imageloader.obj
d:\github\imageprocessingapp\debug\opeartions.obj
d:\github\imageprocessingapp\debug\floatslider.obj
d:\github\imageprocessingapp\debug\imagelistitemcontainerwidget.obj
d:\github\imageprocessingapp\debug\imageview.obj
d:\github\imageprocessingapp\debug\main.obj
d:\github\imageprocessingapp\debug\imagelistwidget.obj
d:\github\imageprocessingapp\debug\matutils.obj
d:\github\imageprocessingapp\debug\imagetab.obj
d:\github\imageprocessingapp\debug\image.obj
d:\github\imageprocessingapp\debug\newimagedialog.obj
d:\github\imageprocessingapp\debug\singleton.obj
d:\github\imageprocessingapp\debug\denoisefilters.obj
d:\github\imageprocessingapp\debug\toolbarmanager.obj
d:\github\imageprocessingapp\debug\spacefilters.obj
d:\github\imageprocessingapp\debug\imagetabmanager.obj
d:\github\imageprocessingapp\debug\mainwindow.obj
d:\github\imageprocessingapp\debug\imageoperation.obj
d:\github\imageprocessingapp\debug\frequencydomainfilters.obj
d:\github\imageprocessingapp\debug\moc_predefs.h
d:\github\imageprocessingapp\ui_mainwindow.h
d:\github\imageprocessingapp\debug\moc_mainwindow.cpp
d:\github\imageprocessingapp\debug\moc_imageview.cpp
d:\github\imageprocessingapp\debug\moc_imagelistwidget.cpp
d:\github\imageprocessingapp\debug\moc_imagelistitemcontainerwidget.cpp
d:\github\imageprocessingapp\debug\moc_imageoperation.cpp
d:\github\imageprocessingapp\debug\moc_newimagedialog.cpp
d:\github\imageprocessingapp\debug\moc_floatslider.cpp
d:\github\imageprocessingapp\debug\moc_imagetab.cpp
d:\github\imageprocessingapp\debug\imageprocessingapp.exe
d:\github\imageprocessingapp\debug\imageprocessingapp.pdb
d:\github\imageprocessingapp\debug\imageprocessingapp.ilk
d:\github\imageprocessingapp\debug\imagepro.d446004b.tlog\cl.command.1.tlog
d:\github\imageprocessingapp\debug\imagepro.d446004b.tlog\cl.items.tlog
d:\github\imageprocessingapp\debug\imagepro.d446004b.tlog\cl.read.1.tlog
d:\github\imageprocessingapp\debug\imagepro.d446004b.tlog\cl.write.1.tlog
d:\github\imageprocessingapp\debug\imagepro.d446004b.tlog\custombuild.command.1.tlog
d:\github\imageprocessingapp\debug\imagepro.d446004b.tlog\custombuild.read.1.tlog
d:\github\imageprocessingapp\debug\imagepro.d446004b.tlog\custombuild.write.1.tlog
d:\github\imageprocessingapp\debug\imagepro.d446004b.tlog\imageprocessingapp.write.1u.tlog
d:\github\imageprocessingapp\debug\imagepro.d446004b.tlog\link.command.1.tlog
d:\github\imageprocessingapp\debug\imagepro.d446004b.tlog\link.read.1.tlog
d:\github\imageprocessingapp\debug\imagepro.d446004b.tlog\link.secondary.1.tlog
d:\github\imageprocessingapp\debug\imagepro.d446004b.tlog\link.write.1.tlog
d:\github\imageprocessingapp\debug\imagepro.d446004b.tlog\moc.read.1u.tlog
d:\github\imageprocessingapp\debug\imagepro.d446004b.tlog\moc.write.1u.tlog
d:\github\imageprocessingapp\debug\imagepro.d446004b.tlog\uic.read.1u.tlog
d:\github\imageprocessingapp\debug\imagepro.d446004b.tlog\uic.write.1u.tlog
