d:\github\imageprocessingapp\release\moc_imagetab.obj
d:\github\imageprocessingapp\release\moc_imagelistitemcontainerwidget.obj
d:\github\imageprocessingapp\release\moc_imagelistwidget.obj
d:\github\imageprocessingapp\release\moc_imageview.obj
d:\github\imageprocessingapp\release\moc_mainwindow.obj
d:\github\imageprocessingapp\release\moc_imageoperation.obj
d:\github\imageprocessingapp\release\moc_floatslider.obj
d:\github\imageprocessingapp\release\moc_newimagedialog.obj
d:\github\imageprocessingapp\release\toolbarmanager.obj
d:\github\imageprocessingapp\release\image.obj
d:\github\imageprocessingapp\release\singleton.obj
d:\github\imageprocessingapp\release\spacefilters.obj
d:\github\imageprocessingapp\release\mainwindow.obj
d:\github\imageprocessingapp\release\matutils.obj
d:\github\imageprocessingapp\release\imagetab.obj
d:\github\imageprocessingapp\release\imagelistwidget.obj
d:\github\imageprocessingapp\release\frequencydomainfilters.obj
d:\github\imageprocessingapp\release\opeartions.obj
d:\github\imageprocessingapp\release\imagetabmanager.obj
d:\github\imageprocessingapp\release\imageloader.obj
d:\github\imageprocessingapp\release\main.obj
d:\github\imageprocessingapp\release\newimagedialog.obj
d:\github\imageprocessingapp\release\imageoperation.obj
d:\github\imageprocessingapp\release\floatslider.obj
d:\github\imageprocessingapp\release\denoisefilters.obj
d:\github\imageprocessingapp\release\imagemanager.obj
d:\github\imageprocessingapp\release\imagelistitemcontainerwidget.obj
d:\github\imageprocessingapp\release\imageview.obj
d:\github\imageprocessingapp\release\moc_predefs.h
d:\github\imageprocessingapp\ui_mainwindow.h
d:\github\imageprocessingapp\release\moc_mainwindow.cpp
d:\github\imageprocessingapp\release\moc_imageview.cpp
d:\github\imageprocessingapp\release\moc_imagelistwidget.cpp
d:\github\imageprocessingapp\release\moc_imagelistitemcontainerwidget.cpp
d:\github\imageprocessingapp\release\moc_imageoperation.cpp
d:\github\imageprocessingapp\release\moc_newimagedialog.cpp
d:\github\imageprocessingapp\release\moc_floatslider.cpp
d:\github\imageprocessingapp\release\moc_imagetab.cpp
d:\github\imageprocessingapp\release\imageprocessingapp.exe
d:\github\imageprocessingapp\release\imagepro.d446004b.tlog\cl.command.1.tlog
d:\github\imageprocessingapp\release\imagepro.d446004b.tlog\cl.items.tlog
d:\github\imageprocessingapp\release\imagepro.d446004b.tlog\cl.read.1.tlog
d:\github\imageprocessingapp\release\imagepro.d446004b.tlog\cl.write.1.tlog
d:\github\imageprocessingapp\release\imagepro.d446004b.tlog\custombuild.command.1.tlog
d:\github\imageprocessingapp\release\imagepro.d446004b.tlog\custombuild.read.1.tlog
d:\github\imageprocessingapp\release\imagepro.d446004b.tlog\custombuild.write.1.tlog
d:\github\imageprocessingapp\release\imagepro.d446004b.tlog\imageprocessingapp.write.1u.tlog
d:\github\imageprocessingapp\release\imagepro.d446004b.tlog\link.command.1.tlog
d:\github\imageprocessingapp\release\imagepro.d446004b.tlog\link.read.1.tlog
d:\github\imageprocessingapp\release\imagepro.d446004b.tlog\link.secondary.1.tlog
d:\github\imageprocessingapp\release\imagepro.d446004b.tlog\link.write.1.tlog
d:\github\imageprocessingapp\release\imagepro.d446004b.tlog\moc.read.1u.tlog
d:\github\imageprocessingapp\release\imagepro.d446004b.tlog\moc.write.1u.tlog
d:\github\imageprocessingapp\release\imagepro.d446004b.tlog\uic.read.1u.tlog
d:\github\imageprocessingapp\release\imagepro.d446004b.tlog\uic.write.1u.tlog
